<?xml version="1.0" encoding="UTF-8"?>
<testng-results skipped="0" failed="0" ignored="0" total="1" passed="1">
  <reporter-output>
  </reporter-output>
  <suite name="Homedepot" duration-ms="25699" started-at="2020-01-29T20:58:27 EST" finished-at="2020-01-29T20:58:53 EST">
    <groups>
    </groups>
    <test name="Homedepotesting" duration-ms="25699" started-at="2020-01-29T20:58:27 EST" finished-at="2020-01-29T20:58:53 EST">
      <class name="HomeDepot.SignUp.SignUp_test">
        <test-method status="PASS" signature="beforeClass()[pri:0, instance:HomeDepot.SignUp.SignUp_test@610694f1]" name="beforeClass" is-config="true" duration-ms="15573" started-at="2020-01-29T20:58:28 EST" finished-at="2020-01-29T20:58:43 EST">
          <reporter-output>
          </reporter-output>
        </test-method> <!-- beforeClass -->
        <test-method status="PASS" signature="f()[pri:0, instance:HomeDepot.SignUp.SignUp_test@610694f1]" name="f" duration-ms="10066" started-at="2020-01-29T20:58:43 EST" finished-at="2020-01-29T20:58:53 EST">
          <reporter-output>
          </reporter-output>
        </test-method> <!-- f -->
        <test-method status="PASS" signature="afterClass()[pri:0, instance:HomeDepot.SignUp.SignUp_test@610694f1]" name="afterClass" is-config="true" duration-ms="1" started-at="2020-01-29T20:58:53 EST" finished-at="2020-01-29T20:58:53 EST">
          <reporter-output>
          </reporter-output>
        </test-method> <!-- afterClass -->
      </class> <!-- HomeDepot.SignUp.SignUp_test -->
    </test> <!-- Homedepotesting -->
  </suite> <!-- Homedepot -->
</testng-results>
